<?xml version="1.0" encoding="UTF-8"?>
<testng-results skipped="0" failed="0" ignored="0" total="0" passed="0">
  <reporter-output>
  </reporter-output>
  <suite name="com.pageobjects.AppTest" duration-ms="8" started-at="2018-09-07T04:37:44Z" finished-at="2018-09-07T04:37:44Z">
    <groups>
    </groups>
    <test name="Command line test" duration-ms="8" started-at="2018-09-07T04:37:44Z" finished-at="2018-09-07T04:37:44Z">
    </test> <!-- Command line test -->
  </suite> <!-- com.pageobjects.AppTest -->
</testng-results>
